<?xml version="1.0" encoding="UTF-8"?>
<testng-results ignored="0" total="1" passed="1" failed="0" skipped="0">
  <reporter-output>
  </reporter-output>
  <suite started-at="2019-04-07T20:11:47Z" name="Suite1" finished-at="2019-04-07T20:14:02Z" duration-ms="134980">
    <groups>
    </groups>
    <test started-at="2019-04-07T20:11:47Z" name="TestAgencyDetails" finished-at="2019-04-07T20:14:02Z" duration-ms="134980">
      <class name="com.zoopla.qa.testCases.TestAgentDetailsofProperty">
        <test-method is-config="true" signature="beforeMethod()[pri:0, instance:com.zoopla.qa.testCases.TestAgentDetailsofProperty@17a7f733]" started-at="2019-04-07T20:11:47Z" name="beforeMethod" finished-at="2019-04-07T20:13:22Z" duration-ms="94787" status="PASS">
          <reporter-output>
          </reporter-output>
        </test-method> <!-- beforeMethod -->
        <test-method signature="testAgencyDetails()[pri:0, instance:com.zoopla.qa.testCases.TestAgentDetailsofProperty@17a7f733]" started-at="2019-04-07T20:13:22Z" name="testAgencyDetails" finished-at="2019-04-07T20:14:02Z" duration-ms="40069" status="PASS">
          <reporter-output>
          </reporter-output>
        </test-method> <!-- testAgencyDetails -->
        <test-method is-config="true" signature="afterMethod()[pri:0, instance:com.zoopla.qa.testCases.TestAgentDetailsofProperty@17a7f733]" started-at="2019-04-07T20:14:02Z" name="afterMethod" finished-at="2019-04-07T20:14:02Z" duration-ms="1" status="PASS">
          <reporter-output>
          </reporter-output>
        </test-method> <!-- afterMethod -->
      </class> <!-- com.zoopla.qa.testCases.TestAgentDetailsofProperty -->
    </test> <!-- TestAgencyDetails -->
  </suite> <!-- Suite1 -->
</testng-results>
